[debug] [2022-02-15T07:55:43.940Z] ----------------------------------------------------------------------
[debug] [2022-02-15T07:55:43.945Z] Command:       C:\Program Files\nodejs\node.exe C:\Users\gyuwo\AppData\Roaming\npm\node_modules\firebase-tools\lib\bin\firebase.js emulators:start
[debug] [2022-02-15T07:55:43.946Z] CLI Version:   10.2.0
[debug] [2022-02-15T07:55:43.946Z] Platform:      win32
[debug] [2022-02-15T07:55:43.946Z] Node Version:  v14.17.6
[debug] [2022-02-15T07:55:43.950Z] Time:          Tue Feb 15 2022 16:55:43 GMT+0900 (대한민국 표준시)
[debug] [2022-02-15T07:55:43.950Z] ----------------------------------------------------------------------
[debug] 
[debug] [2022-02-15T07:55:44.083Z] > command requires scopes: ["email","openid","https://www.googleapis.com/auth/cloudplatformprojects.readonly","https://www.googleapis.com/auth/firebase","https://www.googleapis.com/auth/cloud-platform"]
[debug] [2022-02-15T07:55:44.084Z] > authorizing via signed-in user (gyuwon255@gmail.com)
[info] i  emulators: Starting emulators: functions, hosting {"metadata":{"emulator":{"name":"hub"},"message":"Starting emulators: functions, hosting"}}
[debug] [2022-02-15T07:55:44.186Z] [hub] writing locator at C:\Users\gyuwo\AppData\Local\Temp\hub-challenge-58f17.json
[warn] !  functions: The following emulators are not running, calls to these services from the Functions emulator will affect production: auth, firestore, database, pubsub, storage {"metadata":{"emulator":{"name":"functions"},"message":"The following emulators are not running, calls to these services from the Functions emulator will affect production: \u001b[1mauth, firestore, database, pubsub, storage\u001b[22m"}}
[warn] !  Your requested "node" version "16" doesn't match your global version "14". Using node@14 from host. {"metadata":{"emulator":{"name":"functions"},"message":"Your requested \"node\" version \"16\" doesn't match your global version \"14\". Using node@14 from host."}}
[debug] [2022-02-15T07:55:44.256Z] defaultcredentials: writing to file C:\Users\gyuwo\AppData\Roaming\firebase\gyuwon255_gmail_com_application_default_credentials.json
[debug] [2022-02-15T07:55:44.260Z] Setting GAC to C:\Users\gyuwo\AppData\Roaming\firebase\gyuwon255_gmail_com_application_default_credentials.json {"metadata":{"emulator":{"name":"functions"},"message":"Setting GAC to C:\\Users\\gyuwo\\AppData\\Roaming\\firebase\\gyuwon255_gmail_com_application_default_credentials.json"}}
[debug] [2022-02-15T07:55:44.267Z] >>> [apiv2][query] GET https://firebase.googleapis.com/v1beta1/projects/challenge-58f17/adminSdkConfig [none]
[debug] [2022-02-15T07:55:44.636Z] <<< [apiv2][status] GET https://firebase.googleapis.com/v1beta1/projects/challenge-58f17/adminSdkConfig 200
[debug] [2022-02-15T07:55:44.637Z] <<< [apiv2][body] GET https://firebase.googleapis.com/v1beta1/projects/challenge-58f17/adminSdkConfig {"projectId":"challenge-58f17","storageBucket":"challenge-58f17.appspot.com"}
[debug] [2022-02-15T07:55:44.672Z] >>> [apiv2][query] GET https://firebasehosting.googleapis.com/v1beta1/projects/challenge-58f17/sites 
[debug] [2022-02-15T07:55:44.873Z] <<< [apiv2][status] GET https://firebasehosting.googleapis.com/v1beta1/projects/challenge-58f17/sites 200
[debug] [2022-02-15T07:55:44.873Z] <<< [apiv2][body] GET https://firebasehosting.googleapis.com/v1beta1/projects/challenge-58f17/sites {"sites":[{"name":"projects/269441908614/sites/challenge-58f17","defaultUrl":"https://challenge-58f17.web.app","appId":"1:269441908614:web:506a9b56c94e016e717607","type":"DEFAULT_SITE"}]}
[debug] [2022-02-15T07:55:44.874Z] >>> [apiv2][query] GET https://firebase.googleapis.com/v1beta1/projects/challenge-58f17/webApps/1:269441908614:web:506a9b56c94e016e717607/config [none]
[debug] [2022-02-15T07:55:45.184Z] <<< [apiv2][status] GET https://firebase.googleapis.com/v1beta1/projects/challenge-58f17/webApps/1:269441908614:web:506a9b56c94e016e717607/config 200
[debug] [2022-02-15T07:55:45.184Z] <<< [apiv2][body] GET https://firebase.googleapis.com/v1beta1/projects/challenge-58f17/webApps/1:269441908614:web:506a9b56c94e016e717607/config {"projectId":"challenge-58f17","appId":"1:269441908614:web:506a9b56c94e016e717607","storageBucket":"challenge-58f17.appspot.com","apiKey":"AIzaSyDUtFsSfBLcisE6IfGN_3uCc2_LrpEW4Go","authDomain":"challenge-58f17.firebaseapp.com","messagingSenderId":"269441908614","measurementId":"G-H6D06LSPG7"}
[info] i  hosting: Serving hosting files from: build {"metadata":{"emulator":{"name":"hosting"},"message":"Serving hosting files from: \u001b[1mbuild\u001b[22m"}}
[info] +  hosting: Local server: http://localhost:5000 {"metadata":{"emulator":{"name":"hosting"},"message":"Local server: \u001b[4m\u001b[1mhttp://localhost:5000\u001b[22m\u001b[24m"}}
[info] i  ui: downloading ui-v1.6.4.zip... {"metadata":{"emulator":{"name":"ui"},"message":"downloading ui-v1.6.4.zip..."}}
[debug] [2022-02-15T07:55:45.554Z] >>> [apiv2][query] GET https://storage.googleapis.com/firebase-preview-drop/emulator/ui-v1.6.4.zip 
[debug] [2022-02-15T07:55:45.714Z] <<< [apiv2][status] GET https://storage.googleapis.com/firebase-preview-drop/emulator/ui-v1.6.4.zip 200
[debug] [2022-02-15T07:55:45.715Z] <<< [apiv2][body] GET https://storage.googleapis.com/firebase-preview-drop/emulator/ui-v1.6.4.zip [stream]
[debug] [2022-02-15T07:55:48.707Z] Ignoring unsupported arg: auto_download {"metadata":{"emulator":{"name":"ui"},"message":"Ignoring unsupported arg: auto_download"}}
[debug] [2022-02-15T07:55:48.708Z] Ignoring unsupported arg: port {"metadata":{"emulator":{"name":"ui"},"message":"Ignoring unsupported arg: port"}}
[debug] [2022-02-15T07:55:48.709Z] Starting Emulator UI with command {"binary":"node","args":["C:\\Users\\gyuwo\\.cache\\firebase\\emulators\\ui-v1.6.4\\server.bundle.js"],"optionalArgs":[],"joinArgs":false} {"metadata":{"emulator":{"name":"ui"},"message":"Starting Emulator UI with command {\"binary\":\"node\",\"args\":[\"C:\\\\Users\\\\gyuwo\\\\.cache\\\\firebase\\\\emulators\\\\ui-v1.6.4\\\\server.bundle.js\"],\"optionalArgs\":[],\"joinArgs\":false}"}}
[info] i  ui: Emulator UI logging to ui-debug.log {"metadata":{"emulator":{"name":"ui"},"message":"Emulator UI logging to \u001b[1mui-debug.log\u001b[22m"}}
[debug] [2022-02-15T07:55:49.167Z] Web / API server started at localhost:4000
 {"metadata":{"emulator":{"name":"ui"},"message":"Web / API server started at localhost:4000\n"}}
[info] i  functions: Watching "C:\Users\gyuwo\amazon-clone\functions" for Cloud Functions... {"metadata":{"emulator":{"name":"functions"},"message":"Watching \"C:\\Users\\gyuwo\\amazon-clone\\functions\" for Cloud Functions..."}}
[debug] [2022-02-15T07:55:49.351Z] Validating nodejs source
[debug] [2022-02-15T07:55:58.384Z] > [functions] package.json contents: {
  "name": "functions",
  "description": "Cloud Functions for Firebase",
  "scripts": {
    "lint": "eslint .",
    "serve": "firebase emulators:start --only functions",
    "shell": "firebase functions:shell",
    "start": "npm run shell",
    "deploy": "firebase deploy --only functions",
    "logs": "firebase functions:log"
  },
  "engines": {
    "node": "16"
  },
  "main": "index.js",
  "dependencies": {
    "cors": "^2.8.5",
    "express": "^4.17.2",
    "firebase-admin": "^9.8.0",
    "firebase-functions": "^3.14.1",
    "stripe": "^8.202.0"
  },
  "devDependencies": {
    "eslint": "^7.6.0",
    "eslint-config-google": "^0.14.0",
    "firebase-functions-test": "^0.2.0"
  },
  "private": true
}
[debug] [2022-02-15T07:55:58.384Z] Building nodejs source
[debug] [2022-02-15T07:55:58.384Z] Analyzing nodejs backend spec
[info] +  functions[us-central1-api]: http function initialized (http://localhost:5001/challenge-58f17/us-central1/api). {"metadata":{"emulator":{"name":"functions"},"message":"\u001b[1mhttp\u001b[22m function initialized (http://localhost:5001/challenge-58f17/us-central1/api)."}}
[info] 
┌─────────────────────────────────────────────────────────────┐
│ ✔  All emulators ready! It is now safe to connect your app. │
│ i  View Emulator UI at http://localhost:4000                │
└─────────────────────────────────────────────────────────────┘

┌───────────┬────────────────┬─────────────────────────────────┐
│ Emulator  │ Host:Port      │ View in Emulator UI             │
├───────────┼────────────────┼─────────────────────────────────┤
│ Functions │ localhost:5001 │ http://localhost:4000/functions │
├───────────┼────────────────┼─────────────────────────────────┤
│ Hosting   │ localhost:5000 │ n/a                             │
└───────────┴────────────────┴─────────────────────────────────┘
  Emulator Hub running at localhost:4400
  Other reserved ports: 4500

Issues? Report them at https://github.com/firebase/firebase-tools/issues and attach the *-debug.log files.
 
[debug] [2022-02-15T07:56:58.479Z] File C:\Users\gyuwo\amazon-clone\functions\index.js changed, reloading triggers {"metadata":{"emulator":{"name":"functions"},"message":"File C:\\Users\\gyuwo\\amazon-clone\\functions\\index.js changed, reloading triggers"}}
[debug] [2022-02-15T07:56:59.360Z] File C:\Users\gyuwo\amazon-clone\functions\index.js changed, reloading triggers {"metadata":{"emulator":{"name":"functions"},"message":"File C:\\Users\\gyuwo\\amazon-clone\\functions\\index.js changed, reloading triggers"}}
[debug] [2022-02-15T07:57:00.126Z] File C:\Users\gyuwo\amazon-clone\functions\index.js changed, reloading triggers {"metadata":{"emulator":{"name":"functions"},"message":"File C:\\Users\\gyuwo\\amazon-clone\\functions\\index.js changed, reloading triggers"}}
[debug] [2022-02-15T07:57:01.133Z] Validating nodejs source
[debug] [2022-02-15T07:57:12.253Z] > [functions] package.json contents: {
  "name": "functions",
  "description": "Cloud Functions for Firebase",
  "scripts": {
    "lint": "eslint .",
    "serve": "firebase emulators:start --only functions",
    "shell": "firebase functions:shell",
    "start": "npm run shell",
    "deploy": "firebase deploy --only functions",
    "logs": "firebase functions:log"
  },
  "engines": {
    "node": "16"
  },
  "main": "index.js",
  "dependencies": {
    "cors": "^2.8.5",
    "express": "^4.17.2",
    "firebase-admin": "^9.8.0",
    "firebase-functions": "^3.14.1",
    "stripe": "^8.202.0"
  },
  "devDependencies": {
    "eslint": "^7.6.0",
    "eslint-config-google": "^0.14.0",
    "firebase-functions-test": "^0.2.0"
  },
  "private": true
}
[debug] [2022-02-15T07:57:12.254Z] Building nodejs source
[debug] [2022-02-15T07:57:12.254Z] Analyzing nodejs backend spec
[debug] [2022-02-15T07:57:12.373Z] [work-queue] {"queueLength":1,"workRunningCount":0}
[debug] [2022-02-15T07:57:12.374Z] [work-queue] {"queueLength":0,"workRunningCount":1}
[debug] [2022-02-15T07:57:12.375Z] Accepted request GET /challenge-58f17/us-central1/api --> us-central1-api
[debug] [2022-02-15T07:57:12.510Z] [worker-pool] addWorker(us-central1-api) {"metadata":{"emulator":{"name":"functions"},"message":"[worker-pool] addWorker(us-central1-api)"}}
[debug] [2022-02-15T07:57:12.512Z] [worker-pool] Adding worker with key us-central1-api, total=1 {"metadata":{"emulator":{"name":"functions"},"message":"[worker-pool] Adding worker with key us-central1-api, total=1"}}
[debug] [2022-02-15T07:57:12.513Z] [worker-pool] submitWork(triggerId=us-central1-api) {"metadata":{"emulator":{"name":"functions"},"message":"[worker-pool] submitWork(triggerId=us-central1-api)"}}
[debug] [2022-02-15T07:57:12.514Z] [worker-us-central1-api-522c16fa-9b7c-46c4-aab6-0cd7087000bb]: Assigning socketPath: \\?\pipe\C:\Users\gyuwo\amazon-clone\functions\94968 {"metadata":{"emulator":{"name":"functions"},"message":"[worker-us-central1-api-522c16fa-9b7c-46c4-aab6-0cd7087000bb]: Assigning socketPath: \\\\?\\pipe\\C:\\Users\\gyuwo\\amazon-clone\\functions\\94968"}}
[debug] [2022-02-15T07:57:12.516Z] [worker-us-central1-api-522c16fa-9b7c-46c4-aab6-0cd7087000bb]: BUSY {"metadata":{"emulator":{"name":"functions"},"message":"[worker-us-central1-api-522c16fa-9b7c-46c4-aab6-0cd7087000bb]: BUSY"}}
[debug] [2022-02-15T07:57:12.519Z] File C:\Users\gyuwo\amazon-clone\functions\index.js changed, reloading triggers {"metadata":{"emulator":{"name":"functions"},"message":"File C:\\Users\\gyuwo\\amazon-clone\\functions\\index.js changed, reloading triggers"}}
[debug] [2022-02-15T07:57:13.534Z] [worker-pool] Marking BUSY worker to finish (us-central1-api) {"metadata":{"emulator":{"name":"functions"},"message":"[worker-pool] Marking BUSY worker to finish (us-central1-api)"}}
[debug] [2022-02-15T07:57:13.535Z] [worker-us-central1-api-522c16fa-9b7c-46c4-aab6-0cd7087000bb]: FINISHING {"metadata":{"emulator":{"name":"functions"},"message":"[worker-us-central1-api-522c16fa-9b7c-46c4-aab6-0cd7087000bb]: FINISHING"}}
[debug] [2022-02-15T07:57:13.540Z] Validating nodejs source
[debug] [2022-02-15T07:57:29.195Z] > [functions] package.json contents: {
  "name": "functions",
  "description": "Cloud Functions for Firebase",
  "scripts": {
    "lint": "eslint .",
    "serve": "firebase emulators:start --only functions",
    "shell": "firebase functions:shell",
    "start": "npm run shell",
    "deploy": "firebase deploy --only functions",
    "logs": "firebase functions:log"
  },
  "engines": {
    "node": "16"
  },
  "main": "index.js",
  "dependencies": {
    "cors": "^2.8.5",
    "express": "^4.17.2",
    "firebase-admin": "^9.8.0",
    "firebase-functions": "^3.14.1",
    "stripe": "^8.202.0"
  },
  "devDependencies": {
    "eslint": "^7.6.0",
    "eslint-config-google": "^0.14.0",
    "firebase-functions-test": "^0.2.0"
  },
  "private": true
}
[debug] [2022-02-15T07:57:29.196Z] Building nodejs source
[debug] [2022-02-15T07:57:29.196Z] Analyzing nodejs backend spec
[debug] [2022-02-15T07:57:29.317Z] [runtime-status] [94968] Functions runtime initialized. {"cwd":"C:\\Users\\gyuwo\\amazon-clone\\functions","node_version":"14.17.6"} {"metadata":{"emulator":{"name":"functions"},"function":{"name":"us-central1-api"},"message":"[runtime-status] [94968] Functions runtime initialized. {\"cwd\":\"C:\\\\Users\\\\gyuwo\\\\amazon-clone\\\\functions\",\"node_version\":\"14.17.6\"}"}}
[debug] [2022-02-15T07:57:29.318Z] [runtime-status] [94968] Disabled runtime features: undefined {"metadata":{"emulator":{"name":"functions"},"function":{"name":"us-central1-api"},"message":"[runtime-status] [94968] Disabled runtime features: undefined"}}
[debug] [2022-02-15T07:57:29.319Z] [runtime-status] [94968] Resolved module firebase-admin {"declared":true,"installed":true,"version":"9.12.0","resolution":"C:\\Users\\gyuwo\\amazon-clone\\functions\\node_modules\\firebase-admin\\lib\\index.js"} {"metadata":{"emulator":{"name":"functions"},"function":{"name":"us-central1-api"},"message":"[runtime-status] [94968] Resolved module firebase-admin {\"declared\":true,\"installed\":true,\"version\":\"9.12.0\",\"resolution\":\"C:\\\\Users\\\\gyuwo\\\\amazon-clone\\\\functions\\\\node_modules\\\\firebase-admin\\\\lib\\\\index.js\"}"}}
[debug] [2022-02-15T07:57:29.319Z] [runtime-status] [94968] Resolved module firebase-functions {"declared":true,"installed":true,"version":"3.18.0","resolution":"C:\\Users\\gyuwo\\amazon-clone\\functions\\node_modules\\firebase-functions\\lib\\index.js"} {"metadata":{"emulator":{"name":"functions"},"function":{"name":"us-central1-api"},"message":"[runtime-status] [94968] Resolved module firebase-functions {\"declared\":true,\"installed\":true,\"version\":\"3.18.0\",\"resolution\":\"C:\\\\Users\\\\gyuwo\\\\amazon-clone\\\\functions\\\\node_modules\\\\firebase-functions\\\\lib\\\\index.js\"}"}}
[debug] [2022-02-15T07:57:29.321Z] [runtime-status] [94968] Outgoing network have been stubbed. [{"name":"http","status":"mocked"},{"name":"http","status":"mocked"},{"name":"https","status":"mocked"},{"name":"https","status":"mocked"},{"name":"net","status":"mocked"}] {"metadata":{"emulator":{"name":"functions"},"function":{"name":"us-central1-api"},"message":"[runtime-status] [94968] Outgoing network have been stubbed. [{\"name\":\"http\",\"status\":\"mocked\"},{\"name\":\"http\",\"status\":\"mocked\"},{\"name\":\"https\",\"status\":\"mocked\"},{\"name\":\"https\",\"status\":\"mocked\"},{\"name\":\"net\",\"status\":\"mocked\"}]"}}
[debug] [2022-02-15T07:57:29.322Z] [runtime-status] [94968] Resolved module firebase-functions {"declared":true,"installed":true,"version":"3.18.0","resolution":"C:\\Users\\gyuwo\\amazon-clone\\functions\\node_modules\\firebase-functions\\lib\\index.js"} {"metadata":{"emulator":{"name":"functions"},"function":{"name":"us-central1-api"},"message":"[runtime-status] [94968] Resolved module firebase-functions {\"declared\":true,\"installed\":true,\"version\":\"3.18.0\",\"resolution\":\"C:\\\\Users\\\\gyuwo\\\\amazon-clone\\\\functions\\\\node_modules\\\\firebase-functions\\\\lib\\\\index.js\"}"}}
[debug] [2022-02-15T07:57:29.322Z] [runtime-status] [94968] Checked functions.config() {"config":{}} {"metadata":{"emulator":{"name":"functions"},"function":{"name":"us-central1-api"},"message":"[runtime-status] [94968] Checked functions.config() {\"config\":{}}"}}
[debug] [2022-02-15T07:57:29.323Z] [runtime-status] [94968] firebase-functions has been stubbed. {"functionsResolution":{"declared":true,"installed":true,"version":"3.18.0","resolution":"C:\\Users\\gyuwo\\amazon-clone\\functions\\node_modules\\firebase-functions\\lib\\index.js"}} {"metadata":{"emulator":{"name":"functions"},"function":{"name":"us-central1-api"},"message":"[runtime-status] [94968] firebase-functions has been stubbed. {\"functionsResolution\":{\"declared\":true,\"installed\":true,\"version\":\"3.18.0\",\"resolution\":\"C:\\\\Users\\\\gyuwo\\\\amazon-clone\\\\functions\\\\node_modules\\\\firebase-functions\\\\lib\\\\index.js\"}}"}}
[debug] [2022-02-15T07:57:29.325Z] [runtime-status] [94968] Resolved module firebase-functions {"declared":true,"installed":true,"version":"3.18.0","resolution":"C:\\Users\\gyuwo\\amazon-clone\\functions\\node_modules\\firebase-functions\\lib\\index.js"} {"metadata":{"emulator":{"name":"functions"},"function":{"name":"us-central1-api"},"message":"[runtime-status] [94968] Resolved module firebase-functions {\"declared\":true,\"installed\":true,\"version\":\"3.18.0\",\"resolution\":\"C:\\\\Users\\\\gyuwo\\\\amazon-clone\\\\functions\\\\node_modules\\\\firebase-functions\\\\lib\\\\index.js\"}"}}
[debug] [2022-02-15T07:57:29.326Z] [runtime-status] [94968] Resolved module firebase-admin {"declared":true,"installed":true,"version":"9.12.0","resolution":"C:\\Users\\gyuwo\\amazon-clone\\functions\\node_modules\\firebase-admin\\lib\\index.js"} {"metadata":{"emulator":{"name":"functions"},"function":{"name":"us-central1-api"},"message":"[runtime-status] [94968] Resolved module firebase-admin {\"declared\":true,\"installed\":true,\"version\":\"9.12.0\",\"resolution\":\"C:\\\\Users\\\\gyuwo\\\\amazon-clone\\\\functions\\\\node_modules\\\\firebase-admin\\\\lib\\\\index.js\"}"}}
[debug] [2022-02-15T07:57:29.327Z] [runtime-status] [94968] Resolved module firebase-functions {"declared":true,"installed":true,"version":"3.18.0","resolution":"C:\\Users\\gyuwo\\amazon-clone\\functions\\node_modules\\firebase-functions\\lib\\index.js"} {"metadata":{"emulator":{"name":"functions"},"function":{"name":"us-central1-api"},"message":"[runtime-status] [94968] Resolved module firebase-functions {\"declared\":true,\"installed\":true,\"version\":\"3.18.0\",\"resolution\":\"C:\\\\Users\\\\gyuwo\\\\amazon-clone\\\\functions\\\\node_modules\\\\firebase-functions\\\\lib\\\\index.js\"}"}}
[debug] [2022-02-15T07:57:29.327Z] [runtime-status] [94968] firebase-admin has been stubbed. {"adminResolution":{"declared":true,"installed":true,"version":"9.12.0","resolution":"C:\\Users\\gyuwo\\amazon-clone\\functions\\node_modules\\firebase-admin\\lib\\index.js"}} {"metadata":{"emulator":{"name":"functions"},"function":{"name":"us-central1-api"},"message":"[runtime-status] [94968] firebase-admin has been stubbed. {\"adminResolution\":{\"declared\":true,\"installed\":true,\"version\":\"9.12.0\",\"resolution\":\"C:\\\\Users\\\\gyuwo\\\\amazon-clone\\\\functions\\\\node_modules\\\\firebase-admin\\\\lib\\\\index.js\"}}"}}
[debug] [2022-02-15T07:57:29.327Z] [runtime-status] [94968] Beginning invocation function api! {"metadata":{"emulator":{"name":"functions"},"function":{"name":"us-central1-api"},"message":"[runtime-status] [94968] Beginning invocation function api!"}}
[info] i  functions: Beginning execution of "api" {"metadata":{"emulator":{"name":"functions"},"function":{"name":"us-central1-api"},"message":"Beginning execution of \"api\""}}
[debug] [2022-02-15T07:57:29.330Z] [runtime-status] [94968] Running api in signature http {"metadata":{"emulator":{"name":"functions"},"function":{"name":"us-central1-api"},"message":"[runtime-status] [94968] Running api in signature http"}}
[debug] [2022-02-15T07:57:29.331Z] [runtime-status] [94968] Attempting to listen to socketPath: \\?\pipe\C:\Users\gyuwo\amazon-clone\functions\94968 {"metadata":{"emulator":{"name":"functions"},"function":{"name":"us-central1-api"},"message":"[runtime-status] [94968] Attempting to listen to socketPath: \\\\?\\pipe\\C:\\Users\\gyuwo\\amazon-clone\\functions\\94968"}}
[debug] [2022-02-15T07:57:29.344Z] [functions] Runtime ready! Sending request! {"metadata":{"emulator":{"name":"functions"},"message":"[functions] Runtime ready! Sending request!"}}
[debug] [2022-02-15T07:57:29.350Z] [functions] Got req.url=/challenge-58f17/us-central1/api, mapping to path=/ {"metadata":{"emulator":{"name":"functions"},"message":"[functions] Got req.url=/challenge-58f17/us-central1/api, mapping to path=/"}}
[debug] [2022-02-15T07:57:29.363Z] [work-queue] {"queueLength":1,"workRunningCount":1}
[debug] [2022-02-15T07:57:29.363Z] [work-queue] {"queueLength":0,"workRunningCount":2}
[debug] [2022-02-15T07:57:29.364Z] Accepted request GET /challenge-58f17/us-central1/api --> us-central1-api
[debug] [2022-02-15T07:57:29.503Z] [worker-pool] addWorker(us-central1-api) {"metadata":{"emulator":{"name":"functions"},"message":"[worker-pool] addWorker(us-central1-api)"}}
[debug] [2022-02-15T07:57:29.504Z] [worker-pool] Adding worker with key us-central1-api, total=2 {"metadata":{"emulator":{"name":"functions"},"message":"[worker-pool] Adding worker with key us-central1-api, total=2"}}
[debug] [2022-02-15T07:57:29.504Z] [worker-pool] submitWork(triggerId=us-central1-api) {"metadata":{"emulator":{"name":"functions"},"message":"[worker-pool] submitWork(triggerId=us-central1-api)"}}
[debug] [2022-02-15T07:57:29.504Z] [worker-us-central1-api-e4c4f601-5f92-4df8-80b4-291dba7d7ad0]: Assigning socketPath: \\?\pipe\C:\Users\gyuwo\amazon-clone\functions\72328 {"metadata":{"emulator":{"name":"functions"},"message":"[worker-us-central1-api-e4c4f601-5f92-4df8-80b4-291dba7d7ad0]: Assigning socketPath: \\\\?\\pipe\\C:\\Users\\gyuwo\\amazon-clone\\functions\\72328"}}
[debug] [2022-02-15T07:57:29.505Z] [worker-us-central1-api-e4c4f601-5f92-4df8-80b4-291dba7d7ad0]: BUSY {"metadata":{"emulator":{"name":"functions"},"message":"[worker-us-central1-api-e4c4f601-5f92-4df8-80b4-291dba7d7ad0]: BUSY"}}
[debug] [2022-02-15T07:57:29.507Z] File C:\Users\gyuwo\amazon-clone\functions\index.js changed, reloading triggers {"metadata":{"emulator":{"name":"functions"},"message":"File C:\\Users\\gyuwo\\amazon-clone\\functions\\index.js changed, reloading triggers"}}
[debug] [2022-02-15T07:57:29.529Z] [runtime-status] [94968] Ephemeral server handling GET request {"metadata":{"emulator":{"name":"functions"},"function":{"name":"us-central1-api"},"message":"[runtime-status] [94968] Ephemeral server handling GET request"}}
[debug] [2022-02-15T07:57:29.559Z] [runtime-status] [94968] Ephemeral server survived. {"metadata":{"emulator":{"name":"functions"},"function":{"name":"us-central1-api"},"message":"[runtime-status] [94968] Ephemeral server survived."}}
[info] i  functions: Finished "api" in ~5s {"metadata":{"emulator":{"name":"functions"},"function":{"name":"us-central1-api"},"message":"Finished \"api\" in ~5s"}}
[debug] [2022-02-15T07:57:29.565Z] [worker-us-central1-api-522c16fa-9b7c-46c4-aab6-0cd7087000bb]: IDLE --> FINISHING {"metadata":{"emulator":{"name":"functions"},"message":"[worker-us-central1-api-522c16fa-9b7c-46c4-aab6-0cd7087000bb]: IDLE --> FINISHING"}}
[debug] [2022-02-15T07:57:29.612Z] [worker-us-central1-api-522c16fa-9b7c-46c4-aab6-0cd7087000bb]: exited {"metadata":{"emulator":{"name":"functions"},"message":"[worker-us-central1-api-522c16fa-9b7c-46c4-aab6-0cd7087000bb]: exited"}}
[debug] [2022-02-15T07:57:29.613Z] [worker-us-central1-api-522c16fa-9b7c-46c4-aab6-0cd7087000bb]: FINISHED {"metadata":{"emulator":{"name":"functions"},"message":"[worker-us-central1-api-522c16fa-9b7c-46c4-aab6-0cd7087000bb]: FINISHED"}}
[debug] [2022-02-15T07:57:29.614Z] [work-queue] {"queueLength":0,"workRunningCount":1}
[debug] [2022-02-15T07:57:30.518Z] [worker-pool] Marking BUSY worker to finish (us-central1-api) {"metadata":{"emulator":{"name":"functions"},"message":"[worker-pool] Marking BUSY worker to finish (us-central1-api)"}}
[debug] [2022-02-15T07:57:30.518Z] [worker-us-central1-api-e4c4f601-5f92-4df8-80b4-291dba7d7ad0]: FINISHING {"metadata":{"emulator":{"name":"functions"},"message":"[worker-us-central1-api-e4c4f601-5f92-4df8-80b4-291dba7d7ad0]: FINISHING"}}
[debug] [2022-02-15T07:57:30.524Z] Validating nodejs source
[debug] [2022-02-15T07:57:42.539Z] > [functions] package.json contents: {
  "name": "functions",
  "description": "Cloud Functions for Firebase",
  "scripts": {
    "lint": "eslint .",
    "serve": "firebase emulators:start --only functions",
    "shell": "firebase functions:shell",
    "start": "npm run shell",
    "deploy": "firebase deploy --only functions",
    "logs": "firebase functions:log"
  },
  "engines": {
    "node": "16"
  },
  "main": "index.js",
  "dependencies": {
    "cors": "^2.8.5",
    "express": "^4.17.2",
    "firebase-admin": "^9.8.0",
    "firebase-functions": "^3.14.1",
    "stripe": "^8.202.0"
  },
  "devDependencies": {
    "eslint": "^7.6.0",
    "eslint-config-google": "^0.14.0",
    "firebase-functions-test": "^0.2.0"
  },
  "private": true
}
[debug] [2022-02-15T07:57:42.540Z] Building nodejs source
[debug] [2022-02-15T07:57:42.540Z] Analyzing nodejs backend spec
[debug] [2022-02-15T07:57:42.597Z] [runtime-status] [72328] Functions runtime initialized. {"cwd":"C:\\Users\\gyuwo\\amazon-clone\\functions","node_version":"14.17.6"} {"metadata":{"emulator":{"name":"functions"},"function":{"name":"us-central1-api"},"message":"[runtime-status] [72328] Functions runtime initialized. {\"cwd\":\"C:\\\\Users\\\\gyuwo\\\\amazon-clone\\\\functions\",\"node_version\":\"14.17.6\"}"}}
[debug] [2022-02-15T07:57:42.597Z] [runtime-status] [72328] Disabled runtime features: undefined {"metadata":{"emulator":{"name":"functions"},"function":{"name":"us-central1-api"},"message":"[runtime-status] [72328] Disabled runtime features: undefined"}}
[debug] [2022-02-15T07:57:42.598Z] [runtime-status] [72328] Resolved module firebase-admin {"declared":true,"installed":true,"version":"9.12.0","resolution":"C:\\Users\\gyuwo\\amazon-clone\\functions\\node_modules\\firebase-admin\\lib\\index.js"} {"metadata":{"emulator":{"name":"functions"},"function":{"name":"us-central1-api"},"message":"[runtime-status] [72328] Resolved module firebase-admin {\"declared\":true,\"installed\":true,\"version\":\"9.12.0\",\"resolution\":\"C:\\\\Users\\\\gyuwo\\\\amazon-clone\\\\functions\\\\node_modules\\\\firebase-admin\\\\lib\\\\index.js\"}"}}
[debug] [2022-02-15T07:57:42.599Z] [runtime-status] [72328] Resolved module firebase-functions {"declared":true,"installed":true,"version":"3.18.0","resolution":"C:\\Users\\gyuwo\\amazon-clone\\functions\\node_modules\\firebase-functions\\lib\\index.js"} {"metadata":{"emulator":{"name":"functions"},"function":{"name":"us-central1-api"},"message":"[runtime-status] [72328] Resolved module firebase-functions {\"declared\":true,\"installed\":true,\"version\":\"3.18.0\",\"resolution\":\"C:\\\\Users\\\\gyuwo\\\\amazon-clone\\\\functions\\\\node_modules\\\\firebase-functions\\\\lib\\\\index.js\"}"}}
[debug] [2022-02-15T07:57:42.599Z] [runtime-status] [72328] Outgoing network have been stubbed. [{"name":"http","status":"mocked"},{"name":"http","status":"mocked"},{"name":"https","status":"mocked"},{"name":"https","status":"mocked"},{"name":"net","status":"mocked"}] {"metadata":{"emulator":{"name":"functions"},"function":{"name":"us-central1-api"},"message":"[runtime-status] [72328] Outgoing network have been stubbed. [{\"name\":\"http\",\"status\":\"mocked\"},{\"name\":\"http\",\"status\":\"mocked\"},{\"name\":\"https\",\"status\":\"mocked\"},{\"name\":\"https\",\"status\":\"mocked\"},{\"name\":\"net\",\"status\":\"mocked\"}]"}}
[debug] [2022-02-15T07:57:42.599Z] [runtime-status] [72328] Resolved module firebase-functions {"declared":true,"installed":true,"version":"3.18.0","resolution":"C:\\Users\\gyuwo\\amazon-clone\\functions\\node_modules\\firebase-functions\\lib\\index.js"} {"metadata":{"emulator":{"name":"functions"},"function":{"name":"us-central1-api"},"message":"[runtime-status] [72328] Resolved module firebase-functions {\"declared\":true,\"installed\":true,\"version\":\"3.18.0\",\"resolution\":\"C:\\\\Users\\\\gyuwo\\\\amazon-clone\\\\functions\\\\node_modules\\\\firebase-functions\\\\lib\\\\index.js\"}"}}
[debug] [2022-02-15T07:57:42.599Z] [runtime-status] [72328] Checked functions.config() {"config":{}} {"metadata":{"emulator":{"name":"functions"},"function":{"name":"us-central1-api"},"message":"[runtime-status] [72328] Checked functions.config() {\"config\":{}}"}}
[debug] [2022-02-15T07:57:42.600Z] [runtime-status] [72328] firebase-functions has been stubbed. {"functionsResolution":{"declared":true,"installed":true,"version":"3.18.0","resolution":"C:\\Users\\gyuwo\\amazon-clone\\functions\\node_modules\\firebase-functions\\lib\\index.js"}} {"metadata":{"emulator":{"name":"functions"},"function":{"name":"us-central1-api"},"message":"[runtime-status] [72328] firebase-functions has been stubbed. {\"functionsResolution\":{\"declared\":true,\"installed\":true,\"version\":\"3.18.0\",\"resolution\":\"C:\\\\Users\\\\gyuwo\\\\amazon-clone\\\\functions\\\\node_modules\\\\firebase-functions\\\\lib\\\\index.js\"}}"}}
[debug] [2022-02-15T07:57:42.600Z] [runtime-status] [72328] Resolved module firebase-functions {"declared":true,"installed":true,"version":"3.18.0","resolution":"C:\\Users\\gyuwo\\amazon-clone\\functions\\node_modules\\firebase-functions\\lib\\index.js"} {"metadata":{"emulator":{"name":"functions"},"function":{"name":"us-central1-api"},"message":"[runtime-status] [72328] Resolved module firebase-functions {\"declared\":true,\"installed\":true,\"version\":\"3.18.0\",\"resolution\":\"C:\\\\Users\\\\gyuwo\\\\amazon-clone\\\\functions\\\\node_modules\\\\firebase-functions\\\\lib\\\\index.js\"}"}}
[debug] [2022-02-15T07:57:42.600Z] [runtime-status] [72328] Resolved module firebase-admin {"declared":true,"installed":true,"version":"9.12.0","resolution":"C:\\Users\\gyuwo\\amazon-clone\\functions\\node_modules\\firebase-admin\\lib\\index.js"} {"metadata":{"emulator":{"name":"functions"},"function":{"name":"us-central1-api"},"message":"[runtime-status] [72328] Resolved module firebase-admin {\"declared\":true,\"installed\":true,\"version\":\"9.12.0\",\"resolution\":\"C:\\\\Users\\\\gyuwo\\\\amazon-clone\\\\functions\\\\node_modules\\\\firebase-admin\\\\lib\\\\index.js\"}"}}
[debug] [2022-02-15T07:57:42.600Z] [runtime-status] [72328] Resolved module firebase-functions {"declared":true,"installed":true,"version":"3.18.0","resolution":"C:\\Users\\gyuwo\\amazon-clone\\functions\\node_modules\\firebase-functions\\lib\\index.js"} {"metadata":{"emulator":{"name":"functions"},"function":{"name":"us-central1-api"},"message":"[runtime-status] [72328] Resolved module firebase-functions {\"declared\":true,\"installed\":true,\"version\":\"3.18.0\",\"resolution\":\"C:\\\\Users\\\\gyuwo\\\\amazon-clone\\\\functions\\\\node_modules\\\\firebase-functions\\\\lib\\\\index.js\"}"}}
[debug] [2022-02-15T07:57:42.601Z] [runtime-status] [72328] firebase-admin has been stubbed. {"adminResolution":{"declared":true,"installed":true,"version":"9.12.0","resolution":"C:\\Users\\gyuwo\\amazon-clone\\functions\\node_modules\\firebase-admin\\lib\\index.js"}} {"metadata":{"emulator":{"name":"functions"},"function":{"name":"us-central1-api"},"message":"[runtime-status] [72328] firebase-admin has been stubbed. {\"adminResolution\":{\"declared\":true,\"installed\":true,\"version\":\"9.12.0\",\"resolution\":\"C:\\\\Users\\\\gyuwo\\\\amazon-clone\\\\functions\\\\node_modules\\\\firebase-admin\\\\lib\\\\index.js\"}}"}}
[debug] [2022-02-15T07:57:42.602Z] [runtime-status] [72328] Beginning invocation function api! {"metadata":{"emulator":{"name":"functions"},"function":{"name":"us-central1-api"},"message":"[runtime-status] [72328] Beginning invocation function api!"}}
[info] i  functions: Beginning execution of "api" {"metadata":{"emulator":{"name":"functions"},"function":{"name":"us-central1-api"},"message":"Beginning execution of \"api\""}}
[debug] [2022-02-15T07:57:42.605Z] [runtime-status] [72328] Running api in signature http {"metadata":{"emulator":{"name":"functions"},"function":{"name":"us-central1-api"},"message":"[runtime-status] [72328] Running api in signature http"}}
[debug] [2022-02-15T07:57:42.606Z] [runtime-status] [72328] Attempting to listen to socketPath: \\?\pipe\C:\Users\gyuwo\amazon-clone\functions\72328 {"metadata":{"emulator":{"name":"functions"},"function":{"name":"us-central1-api"},"message":"[runtime-status] [72328] Attempting to listen to socketPath: \\\\?\\pipe\\C:\\Users\\gyuwo\\amazon-clone\\functions\\72328"}}
[debug] [2022-02-15T07:57:42.612Z] [functions] Runtime ready! Sending request! {"metadata":{"emulator":{"name":"functions"},"message":"[functions] Runtime ready! Sending request!"}}
[debug] [2022-02-15T07:57:42.613Z] [functions] Got req.url=/challenge-58f17/us-central1/api, mapping to path=/ {"metadata":{"emulator":{"name":"functions"},"message":"[functions] Got req.url=/challenge-58f17/us-central1/api, mapping to path=/"}}
[debug] [2022-02-15T07:57:42.624Z] [runtime-status] [72328] Ephemeral server handling GET request {"metadata":{"emulator":{"name":"functions"},"function":{"name":"us-central1-api"},"message":"[runtime-status] [72328] Ephemeral server handling GET request"}}
[debug] [2022-02-15T07:57:42.644Z] [runtime-status] [72328] Ephemeral server survived. {"metadata":{"emulator":{"name":"functions"},"function":{"name":"us-central1-api"},"message":"[runtime-status] [72328] Ephemeral server survived."}}
[info] i  functions: Finished "api" in ~5s {"metadata":{"emulator":{"name":"functions"},"function":{"name":"us-central1-api"},"message":"Finished \"api\" in ~5s"}}
[debug] [2022-02-15T07:57:42.652Z] [worker-us-central1-api-e4c4f601-5f92-4df8-80b4-291dba7d7ad0]: IDLE --> FINISHING {"metadata":{"emulator":{"name":"functions"},"message":"[worker-us-central1-api-e4c4f601-5f92-4df8-80b4-291dba7d7ad0]: IDLE --> FINISHING"}}
[debug] [2022-02-15T07:57:42.683Z] [worker-us-central1-api-e4c4f601-5f92-4df8-80b4-291dba7d7ad0]: exited {"metadata":{"emulator":{"name":"functions"},"message":"[worker-us-central1-api-e4c4f601-5f92-4df8-80b4-291dba7d7ad0]: exited"}}
[debug] [2022-02-15T07:57:42.684Z] [worker-us-central1-api-e4c4f601-5f92-4df8-80b4-291dba7d7ad0]: FINISHED {"metadata":{"emulator":{"name":"functions"},"message":"[worker-us-central1-api-e4c4f601-5f92-4df8-80b4-291dba7d7ad0]: FINISHED"}}
[debug] [2022-02-15T07:57:42.684Z] [work-queue] {"queueLength":0,"workRunningCount":0}
[debug] [2022-02-15T07:57:42.759Z] Functions emulator received unknown request at path /favicon.ico
[debug] [2022-02-15T07:58:36.066Z] File C:\Users\gyuwo\amazon-clone\functions\index.js changed, reloading triggers {"metadata":{"emulator":{"name":"functions"},"message":"File C:\\Users\\gyuwo\\amazon-clone\\functions\\index.js changed, reloading triggers"}}
[debug] [2022-02-15T07:58:37.085Z] Validating nodejs source
[debug] [2022-02-15T07:58:45.279Z] > [functions] package.json contents: {
  "name": "functions",
  "description": "Cloud Functions for Firebase",
  "scripts": {
    "lint": "eslint .",
    "serve": "firebase emulators:start --only functions",
    "shell": "firebase functions:shell",
    "start": "npm run shell",
    "deploy": "firebase deploy --only functions",
    "logs": "firebase functions:log"
  },
  "engines": {
    "node": "16"
  },
  "main": "index.js",
  "dependencies": {
    "cors": "^2.8.5",
    "express": "^4.17.2",
    "firebase-admin": "^9.8.0",
    "firebase-functions": "^3.14.1",
    "stripe": "^8.202.0"
  },
  "devDependencies": {
    "eslint": "^7.6.0",
    "eslint-config-google": "^0.14.0",
    "firebase-functions-test": "^0.2.0"
  },
  "private": true
}
[debug] [2022-02-15T07:58:45.279Z] Building nodejs source
[debug] [2022-02-15T07:58:45.280Z] Analyzing nodejs backend spec
[debug] [2022-02-15T07:58:45.331Z] File C:\Users\gyuwo\amazon-clone\functions\index.js changed, reloading triggers {"metadata":{"emulator":{"name":"functions"},"message":"File C:\\Users\\gyuwo\\amazon-clone\\functions\\index.js changed, reloading triggers"}}
[debug] [2022-02-15T07:58:46.342Z] Validating nodejs source
[debug] [2022-02-15T07:58:54.219Z] > [functions] package.json contents: {
  "name": "functions",
  "description": "Cloud Functions for Firebase",
  "scripts": {
    "lint": "eslint .",
    "serve": "firebase emulators:start --only functions",
    "shell": "firebase functions:shell",
    "start": "npm run shell",
    "deploy": "firebase deploy --only functions",
    "logs": "firebase functions:log"
  },
  "engines": {
    "node": "16"
  },
  "main": "index.js",
  "dependencies": {
    "cors": "^2.8.5",
    "express": "^4.17.2",
    "firebase-admin": "^9.8.0",
    "firebase-functions": "^3.14.1",
    "stripe": "^8.202.0"
  },
  "devDependencies": {
    "eslint": "^7.6.0",
    "eslint-config-google": "^0.14.0",
    "firebase-functions-test": "^0.2.0"
  },
  "private": true
}
[debug] [2022-02-15T07:58:54.219Z] Building nodejs source
[debug] [2022-02-15T07:58:54.219Z] Analyzing nodejs backend spec
[debug] [2022-02-15T07:58:55.841Z] File C:\Users\gyuwo\amazon-clone\functions\index.js changed, reloading triggers {"metadata":{"emulator":{"name":"functions"},"message":"File C:\\Users\\gyuwo\\amazon-clone\\functions\\index.js changed, reloading triggers"}}
[debug] [2022-02-15T07:58:56.696Z] File C:\Users\gyuwo\amazon-clone\functions\index.js changed, reloading triggers {"metadata":{"emulator":{"name":"functions"},"message":"File C:\\Users\\gyuwo\\amazon-clone\\functions\\index.js changed, reloading triggers"}}
[debug] [2022-02-15T07:58:57.712Z] Validating nodejs source
[debug] [2022-02-15T07:59:08.390Z] > [functions] package.json contents: {
  "name": "functions",
  "description": "Cloud Functions for Firebase",
  "scripts": {
    "lint": "eslint .",
    "serve": "firebase emulators:start --only functions",
    "shell": "firebase functions:shell",
    "start": "npm run shell",
    "deploy": "firebase deploy --only functions",
    "logs": "firebase functions:log"
  },
  "engines": {
    "node": "16"
  },
  "main": "index.js",
  "dependencies": {
    "cors": "^2.8.5",
    "express": "^4.17.2",
    "firebase-admin": "^9.8.0",
    "firebase-functions": "^3.14.1",
    "stripe": "^8.202.0"
  },
  "devDependencies": {
    "eslint": "^7.6.0",
    "eslint-config-google": "^0.14.0",
    "firebase-functions-test": "^0.2.0"
  },
  "private": true
}
[debug] [2022-02-15T07:59:08.390Z] Building nodejs source
[debug] [2022-02-15T07:59:08.390Z] Analyzing nodejs backend spec
[debug] [2022-02-15T07:59:08.445Z] File C:\Users\gyuwo\amazon-clone\functions\index.js changed, reloading triggers {"metadata":{"emulator":{"name":"functions"},"message":"File C:\\Users\\gyuwo\\amazon-clone\\functions\\index.js changed, reloading triggers"}}
[debug] [2022-02-15T07:59:09.453Z] Validating nodejs source
[debug] [2022-02-15T07:59:17.889Z] > [functions] package.json contents: {
  "name": "functions",
  "description": "Cloud Functions for Firebase",
  "scripts": {
    "lint": "eslint .",
    "serve": "firebase emulators:start --only functions",
    "shell": "firebase functions:shell",
    "start": "npm run shell",
    "deploy": "firebase deploy --only functions",
    "logs": "firebase functions:log"
  },
  "engines": {
    "node": "16"
  },
  "main": "index.js",
  "dependencies": {
    "cors": "^2.8.5",
    "express": "^4.17.2",
    "firebase-admin": "^9.8.0",
    "firebase-functions": "^3.14.1",
    "stripe": "^8.202.0"
  },
  "devDependencies": {
    "eslint": "^7.6.0",
    "eslint-config-google": "^0.14.0",
    "firebase-functions-test": "^0.2.0"
  },
  "private": true
}
[debug] [2022-02-15T07:59:17.890Z] Building nodejs source
[debug] [2022-02-15T07:59:17.890Z] Analyzing nodejs backend spec
[debug] [2022-02-15T07:59:22.492Z] File C:\Users\gyuwo\amazon-clone\functions\index.js changed, reloading triggers {"metadata":{"emulator":{"name":"functions"},"message":"File C:\\Users\\gyuwo\\amazon-clone\\functions\\index.js changed, reloading triggers"}}
[debug] [2022-02-15T07:59:23.507Z] Validating nodejs source
[debug] [2022-02-15T07:59:37.055Z] > [functions] package.json contents: {
  "name": "functions",
  "description": "Cloud Functions for Firebase",
  "scripts": {
    "lint": "eslint .",
    "serve": "firebase emulators:start --only functions",
    "shell": "firebase functions:shell",
    "start": "npm run shell",
    "deploy": "firebase deploy --only functions",
    "logs": "firebase functions:log"
  },
  "engines": {
    "node": "16"
  },
  "main": "index.js",
  "dependencies": {
    "cors": "^2.8.5",
    "express": "^4.17.2",
    "firebase-admin": "^9.8.0",
    "firebase-functions": "^3.14.1",
    "stripe": "^8.202.0"
  },
  "devDependencies": {
    "eslint": "^7.6.0",
    "eslint-config-google": "^0.14.0",
    "firebase-functions-test": "^0.2.0"
  },
  "private": true
}
[debug] [2022-02-15T07:59:37.056Z] Building nodejs source
[debug] [2022-02-15T07:59:37.056Z] Analyzing nodejs backend spec
[debug] [2022-02-15T07:59:37.151Z] File C:\Users\gyuwo\amazon-clone\functions\index.js changed, reloading triggers {"metadata":{"emulator":{"name":"functions"},"message":"File C:\\Users\\gyuwo\\amazon-clone\\functions\\index.js changed, reloading triggers"}}
[debug] [2022-02-15T07:59:38.169Z] Validating nodejs source
[debug] [2022-02-15T07:59:49.291Z] > [functions] package.json contents: {
  "name": "functions",
  "description": "Cloud Functions for Firebase",
  "scripts": {
    "lint": "eslint .",
    "serve": "firebase emulators:start --only functions",
    "shell": "firebase functions:shell",
    "start": "npm run shell",
    "deploy": "firebase deploy --only functions",
    "logs": "firebase functions:log"
  },
  "engines": {
    "node": "16"
  },
  "main": "index.js",
  "dependencies": {
    "cors": "^2.8.5",
    "express": "^4.17.2",
    "firebase-admin": "^9.8.0",
    "firebase-functions": "^3.14.1",
    "stripe": "^8.202.0"
  },
  "devDependencies": {
    "eslint": "^7.6.0",
    "eslint-config-google": "^0.14.0",
    "firebase-functions-test": "^0.2.0"
  },
  "private": true
}
[debug] [2022-02-15T07:59:49.291Z] Building nodejs source
[debug] [2022-02-15T07:59:49.292Z] Analyzing nodejs backend spec
[debug] [2022-02-15T07:59:49.366Z] File C:\Users\gyuwo\amazon-clone\functions\index.js changed, reloading triggers {"metadata":{"emulator":{"name":"functions"},"message":"File C:\\Users\\gyuwo\\amazon-clone\\functions\\index.js changed, reloading triggers"}}
[debug] [2022-02-15T07:59:50.375Z] Validating nodejs source
[debug] [2022-02-15T08:00:02.932Z] > [functions] package.json contents: {
  "name": "functions",
  "description": "Cloud Functions for Firebase",
  "scripts": {
    "lint": "eslint .",
    "serve": "firebase emulators:start --only functions",
    "shell": "firebase functions:shell",
    "start": "npm run shell",
    "deploy": "firebase deploy --only functions",
    "logs": "firebase functions:log"
  },
  "engines": {
    "node": "16"
  },
  "main": "index.js",
  "dependencies": {
    "cors": "^2.8.5",
    "express": "^4.17.2",
    "firebase-admin": "^9.8.0",
    "firebase-functions": "^3.14.1",
    "stripe": "^8.202.0"
  },
  "devDependencies": {
    "eslint": "^7.6.0",
    "eslint-config-google": "^0.14.0",
    "firebase-functions-test": "^0.2.0"
  },
  "private": true
}
[debug] [2022-02-15T08:00:02.933Z] Building nodejs source
[debug] [2022-02-15T08:00:02.933Z] Analyzing nodejs backend spec
[debug] [2022-02-15T08:00:14.893Z] File C:\Users\gyuwo\amazon-clone\functions\index.js changed, reloading triggers {"metadata":{"emulator":{"name":"functions"},"message":"File C:\\Users\\gyuwo\\amazon-clone\\functions\\index.js changed, reloading triggers"}}
[debug] [2022-02-15T08:00:15.912Z] Validating nodejs source
[debug] [2022-02-15T08:00:36.628Z] > [functions] package.json contents: {
  "name": "functions",
  "description": "Cloud Functions for Firebase",
  "scripts": {
    "lint": "eslint .",
    "serve": "firebase emulators:start --only functions",
    "shell": "firebase functions:shell",
    "start": "npm run shell",
    "deploy": "firebase deploy --only functions",
    "logs": "firebase functions:log"
  },
  "engines": {
    "node": "16"
  },
  "main": "index.js",
  "dependencies": {
    "cors": "^2.8.5",
    "express": "^4.17.2",
    "firebase-admin": "^9.8.0",
    "firebase-functions": "^3.14.1",
    "stripe": "^8.202.0"
  },
  "devDependencies": {
    "eslint": "^7.6.0",
    "eslint-config-google": "^0.14.0",
    "firebase-functions-test": "^0.2.0"
  },
  "private": true
}
[debug] [2022-02-15T08:00:36.629Z] Building nodejs source
[debug] [2022-02-15T08:00:36.629Z] Analyzing nodejs backend spec
[debug] [2022-02-15T08:00:36.777Z] File C:\Users\gyuwo\amazon-clone\functions\index.js changed, reloading triggers {"metadata":{"emulator":{"name":"functions"},"message":"File C:\\Users\\gyuwo\\amazon-clone\\functions\\index.js changed, reloading triggers"}}
[debug] [2022-02-15T08:00:37.802Z] Validating nodejs source
[debug] [2022-02-15T08:00:57.494Z] > [functions] package.json contents: {
  "name": "functions",
  "description": "Cloud Functions for Firebase",
  "scripts": {
    "lint": "eslint .",
    "serve": "firebase emulators:start --only functions",
    "shell": "firebase functions:shell",
    "start": "npm run shell",
    "deploy": "firebase deploy --only functions",
    "logs": "firebase functions:log"
  },
  "engines": {
    "node": "16"
  },
  "main": "index.js",
  "dependencies": {
    "cors": "^2.8.5",
    "express": "^4.17.2",
    "firebase-admin": "^9.8.0",
    "firebase-functions": "^3.14.1",
    "stripe": "^8.202.0"
  },
  "devDependencies": {
    "eslint": "^7.6.0",
    "eslint-config-google": "^0.14.0",
    "firebase-functions-test": "^0.2.0"
  },
  "private": true
}
[debug] [2022-02-15T08:00:57.495Z] Building nodejs source
[debug] [2022-02-15T08:00:57.495Z] Analyzing nodejs backend spec
[debug] [2022-02-15T08:00:57.595Z] File C:\Users\gyuwo\amazon-clone\functions\index.js changed, reloading triggers {"metadata":{"emulator":{"name":"functions"},"message":"File C:\\Users\\gyuwo\\amazon-clone\\functions\\index.js changed, reloading triggers"}}
[debug] [2022-02-15T08:00:58.611Z] Validating nodejs source
[debug] [2022-02-15T08:01:16.950Z] > [functions] package.json contents: {
  "name": "functions",
  "description": "Cloud Functions for Firebase",
  "scripts": {
    "lint": "eslint .",
    "serve": "firebase emulators:start --only functions",
    "shell": "firebase functions:shell",
    "start": "npm run shell",
    "deploy": "firebase deploy --only functions",
    "logs": "firebase functions:log"
  },
  "engines": {
    "node": "16"
  },
  "main": "index.js",
  "dependencies": {
    "cors": "^2.8.5",
    "express": "^4.17.2",
    "firebase-admin": "^9.8.0",
    "firebase-functions": "^3.14.1",
    "stripe": "^8.202.0"
  },
  "devDependencies": {
    "eslint": "^7.6.0",
    "eslint-config-google": "^0.14.0",
    "firebase-functions-test": "^0.2.0"
  },
  "private": true
}
[debug] [2022-02-15T08:01:16.951Z] Building nodejs source
[debug] [2022-02-15T08:01:16.951Z] Analyzing nodejs backend spec
[debug] [2022-02-15T08:01:17.055Z] File C:\Users\gyuwo\amazon-clone\functions\index.js changed, reloading triggers {"metadata":{"emulator":{"name":"functions"},"message":"File C:\\Users\\gyuwo\\amazon-clone\\functions\\index.js changed, reloading triggers"}}
[debug] [2022-02-15T08:01:18.076Z] Validating nodejs source
[debug] [2022-02-15T08:01:37.429Z] > [functions] package.json contents: {
  "name": "functions",
  "description": "Cloud Functions for Firebase",
  "scripts": {
    "lint": "eslint .",
    "serve": "firebase emulators:start --only functions",
    "shell": "firebase functions:shell",
    "start": "npm run shell",
    "deploy": "firebase deploy --only functions",
    "logs": "firebase functions:log"
  },
  "engines": {
    "node": "16"
  },
  "main": "index.js",
  "dependencies": {
    "cors": "^2.8.5",
    "express": "^4.17.2",
    "firebase-admin": "^9.8.0",
    "firebase-functions": "^3.14.1",
    "stripe": "^8.202.0"
  },
  "devDependencies": {
    "eslint": "^7.6.0",
    "eslint-config-google": "^0.14.0",
    "firebase-functions-test": "^0.2.0"
  },
  "private": true
}
[debug] [2022-02-15T08:01:37.430Z] Building nodejs source
[debug] [2022-02-15T08:01:37.430Z] Analyzing nodejs backend spec
[debug] [2022-02-15T08:01:37.516Z] File C:\Users\gyuwo\amazon-clone\functions\index.js changed, reloading triggers {"metadata":{"emulator":{"name":"functions"},"message":"File C:\\Users\\gyuwo\\amazon-clone\\functions\\index.js changed, reloading triggers"}}
[debug] [2022-02-15T08:01:38.481Z] File C:\Users\gyuwo\amazon-clone\functions\index.js changed, reloading triggers {"metadata":{"emulator":{"name":"functions"},"message":"File C:\\Users\\gyuwo\\amazon-clone\\functions\\index.js changed, reloading triggers"}}
[debug] [2022-02-15T08:01:39.513Z] Validating nodejs source
[debug] [2022-02-15T08:01:57.674Z] > [functions] package.json contents: {
  "name": "functions",
  "description": "Cloud Functions for Firebase",
  "scripts": {
    "lint": "eslint .",
    "serve": "firebase emulators:start --only functions",
    "shell": "firebase functions:shell",
    "start": "npm run shell",
    "deploy": "firebase deploy --only functions",
    "logs": "firebase functions:log"
  },
  "engines": {
    "node": "16"
  },
  "main": "index.js",
  "dependencies": {
    "cors": "^2.8.5",
    "express": "^4.17.2",
    "firebase-admin": "^9.8.0",
    "firebase-functions": "^3.14.1",
    "stripe": "^8.202.0"
  },
  "devDependencies": {
    "eslint": "^7.6.0",
    "eslint-config-google": "^0.14.0",
    "firebase-functions-test": "^0.2.0"
  },
  "private": true
}
[debug] [2022-02-15T08:01:57.675Z] Building nodejs source
[debug] [2022-02-15T08:01:57.675Z] Analyzing nodejs backend spec
[debug] [2022-02-15T08:01:57.777Z] File C:\Users\gyuwo\amazon-clone\functions\index.js changed, reloading triggers {"metadata":{"emulator":{"name":"functions"},"message":"File C:\\Users\\gyuwo\\amazon-clone\\functions\\index.js changed, reloading triggers"}}
[debug] [2022-02-15T08:01:58.784Z] Validating nodejs source
[debug] [2022-02-15T08:02:12.259Z] > [functions] package.json contents: {
  "name": "functions",
  "description": "Cloud Functions for Firebase",
  "scripts": {
    "lint": "eslint .",
    "serve": "firebase emulators:start --only functions",
    "shell": "firebase functions:shell",
    "start": "npm run shell",
    "deploy": "firebase deploy --only functions",
    "logs": "firebase functions:log"
  },
  "engines": {
    "node": "16"
  },
  "main": "index.js",
  "dependencies": {
    "cors": "^2.8.5",
    "express": "^4.17.2",
    "firebase-admin": "^9.8.0",
    "firebase-functions": "^3.14.1",
    "stripe": "^8.202.0"
  },
  "devDependencies": {
    "eslint": "^7.6.0",
    "eslint-config-google": "^0.14.0",
    "firebase-functions-test": "^0.2.0"
  },
  "private": true
}
[debug] [2022-02-15T08:02:12.260Z] Building nodejs source
[debug] [2022-02-15T08:02:12.260Z] Analyzing nodejs backend spec
[debug] [2022-02-15T08:02:12.333Z] File C:\Users\gyuwo\amazon-clone\functions\index.js changed, reloading triggers {"metadata":{"emulator":{"name":"functions"},"message":"File C:\\Users\\gyuwo\\amazon-clone\\functions\\index.js changed, reloading triggers"}}
[debug] [2022-02-15T08:02:13.349Z] Validating nodejs source
[debug] [2022-02-15T08:02:31.426Z] > [functions] package.json contents: {
  "name": "functions",
  "description": "Cloud Functions for Firebase",
  "scripts": {
    "lint": "eslint .",
    "serve": "firebase emulators:start --only functions",
    "shell": "firebase functions:shell",
    "start": "npm run shell",
    "deploy": "firebase deploy --only functions",
    "logs": "firebase functions:log"
  },
  "engines": {
    "node": "16"
  },
  "main": "index.js",
  "dependencies": {
    "cors": "^2.8.5",
    "express": "^4.17.2",
    "firebase-admin": "^9.8.0",
    "firebase-functions": "^3.14.1",
    "stripe": "^8.202.0"
  },
  "devDependencies": {
    "eslint": "^7.6.0",
    "eslint-config-google": "^0.14.0",
    "firebase-functions-test": "^0.2.0"
  },
  "private": true
}
[debug] [2022-02-15T08:02:31.427Z] Building nodejs source
[debug] [2022-02-15T08:02:31.427Z] Analyzing nodejs backend spec
[debug] [2022-02-15T08:02:31.515Z] File C:\Users\gyuwo\amazon-clone\functions\index.js changed, reloading triggers {"metadata":{"emulator":{"name":"functions"},"message":"File C:\\Users\\gyuwo\\amazon-clone\\functions\\index.js changed, reloading triggers"}}
[debug] [2022-02-15T08:02:32.537Z] Validating nodejs source
[debug] [2022-02-15T08:02:52.475Z] > [functions] package.json contents: {
  "name": "functions",
  "description": "Cloud Functions for Firebase",
  "scripts": {
    "lint": "eslint .",
    "serve": "firebase emulators:start --only functions",
    "shell": "firebase functions:shell",
    "start": "npm run shell",
    "deploy": "firebase deploy --only functions",
    "logs": "firebase functions:log"
  },
  "engines": {
    "node": "16"
  },
  "main": "index.js",
  "dependencies": {
    "cors": "^2.8.5",
    "express": "^4.17.2",
    "firebase-admin": "^9.8.0",
    "firebase-functions": "^3.14.1",
    "stripe": "^8.202.0"
  },
  "devDependencies": {
    "eslint": "^7.6.0",
    "eslint-config-google": "^0.14.0",
    "firebase-functions-test": "^0.2.0"
  },
  "private": true
}
[debug] [2022-02-15T08:02:52.477Z] Building nodejs source
[debug] [2022-02-15T08:02:52.477Z] Analyzing nodejs backend spec
[debug] [2022-02-15T08:02:52.892Z] File C:\Users\gyuwo\amazon-clone\functions\index.js changed, reloading triggers {"metadata":{"emulator":{"name":"functions"},"message":"File C:\\Users\\gyuwo\\amazon-clone\\functions\\index.js changed, reloading triggers"}}
[debug] [2022-02-15T08:02:53.921Z] Validating nodejs source
[debug] [2022-02-15T08:03:19.826Z] > [functions] package.json contents: {
  "name": "functions",
  "description": "Cloud Functions for Firebase",
  "scripts": {
    "lint": "eslint .",
    "serve": "firebase emulators:start --only functions",
    "shell": "firebase functions:shell",
    "start": "npm run shell",
    "deploy": "firebase deploy --only functions",
    "logs": "firebase functions:log"
  },
  "engines": {
    "node": "16"
  },
  "main": "index.js",
  "dependencies": {
    "cors": "^2.8.5",
    "express": "^4.17.2",
    "firebase-admin": "^9.8.0",
    "firebase-functions": "^3.14.1",
    "stripe": "^8.202.0"
  },
  "devDependencies": {
    "eslint": "^7.6.0",
    "eslint-config-google": "^0.14.0",
    "firebase-functions-test": "^0.2.0"
  },
  "private": true
}
[debug] [2022-02-15T08:03:19.827Z] Building nodejs source
[debug] [2022-02-15T08:03:19.827Z] Analyzing nodejs backend spec
